2015-03-05 09:25:00,197 INFO  [MyLogger2] 
++++++ NEW TRACE ======= 05-03-15:09:25:196

2015-03-05 09:25:00,197 INFO  [MyLogger2] info
2015-03-05 09:25:00,197 DEBUG [MyLogger2] debug
2015-03-05 09:25:00,197 WARN  [MyLogger2] warn
2015-03-05 09:25:00,197 FATAL [MyLogger2] fatal
2015-03-05 09:28:48,107 INFO  [MyLogger2] 
++++++ NEW TRACE ======= 05-03-15:09:28:48:106

2015-03-05 09:28:48,107 INFO  [MyLogger2] info
2015-03-05 09:28:48,107 DEBUG [MyLogger2] debug
2015-03-05 09:28:48,107 WARN  [MyLogger2] warn
2015-03-05 09:28:48,107 FATAL [MyLogger2] fatal
2015-03-05 09:30:37,553 INFO  [MyLogger2] 
++++++++++++ NEW TRACE =============== 05-03-15:09:30:37:552

2015-03-05 09:30:37,553 INFO  [MyLogger2] info
2015-03-05 09:30:37,553 DEBUG [MyLogger2] debug
2015-03-05 09:30:37,553 WARN  [MyLogger2] warn
2015-03-05 09:30:37,553 FATAL [MyLogger2] fatal
2015-03-05 09:31:24,366 INFO  [MyLogger2] 

++++++++++++ NEW TRACE =============== 05-03-15:09:31:24:365

2015-03-05 09:31:24,366 INFO  [MyLogger2] info
2015-03-05 09:31:24,366 DEBUG [MyLogger2] debug
2015-03-05 09:31:24,366 WARN  [MyLogger2] warn
2015-03-05 09:31:24,366 FATAL [MyLogger2] fatal
